<?xml version="1.0" encoding="UTF-8"?>
<!-- Generated by org.testng.reporters.JUnitReportReporter -->
<testsuite hostname="MacBook-Pro-de-TechM.local" failures="0" tests="9" name="Books.Book" time="1.601" errors="0" timestamp="2022-03-10T16:55:13 CST" skipped="8">
  <testcase classname="Books.Book" name="getAuthorizationCreateOrders" time="1.601"/>
  <system-out/>
  <testcase classname="Books.Book" name="getRegisterApiClient">
    <skipped/>
  </testcase> <!-- getRegisterApiClient -->
  <system-out/>
  <testcase classname="Books.Book" name="get5Books">
    <skipped/>
  </testcase> <!-- get5Books -->
  <system-out/>
  <testcase classname="Books.Book" name="getBooksOffered">
    <skipped/>
  </testcase> <!-- getBooksOffered -->
  <system-out/>
  <testcase classname="Books.Book" name="getAvailableBooks">
    <skipped/>
  </testcase> <!-- getAvailableBooks -->
  <system-out/>
  <testcase classname="Books.Book" name="getWelcome">
    <skipped/>
  </testcase> <!-- getWelcome -->
  <system-out/>
  <testcase classname="Books.Book" name="getTypeNonFiction">
    <skipped/>
  </testcase> <!-- getTypeNonFiction -->
  <system-out/>
  <testcase classname="Books.Book" name="getSingleBooks">
    <skipped/>
  </testcase> <!-- getSingleBooks -->
  <system-out/>
  <testcase classname="Books.Book" name="getTypeFiction">
    <skipped/>
  </testcase> <!-- getTypeFiction -->
  <system-out/>
</testsuite> <!-- Books.Book -->
