<?xml version="1.0" encoding="UTF-8"?>
<!-- Generated by org.testng.reporters.JUnitReportReporter -->
<testsuite hostname="MacBook-Pro-de-TechM.local" failures="0" tests="4" name="airlines.AirlinesTest" time="2.373" errors="0" timestamp="2022-03-10T14:49:01 CST" skipped="3">
  <testcase classname="airlines.AirlinesTest" name="endToEnd" time="2.373"/>
  <system-out/>
  <testcase classname="airlines.AirlinesTest" name="getAirlines">
    <skipped/>
  </testcase> <!-- getAirlines -->
  <system-out/>
  <testcase classname="airlines.AirlinesTest" name="getAnAirLine">
    <skipped/>
  </testcase> <!-- getAnAirLine -->
  <system-out/>
  <testcase classname="airlines.AirlinesTest" name="createAirline">
    <skipped/>
  </testcase> <!-- createAirline -->
  <system-out/>
</testsuite> <!-- airlines.AirlinesTest -->
